
Lmod is automatically replacing "intel/18.0" with "gcc/5.5.0".


Due to MODULEPATH changes, the following have been reloaded:
  1) R/3.6.1     2) openmpi/3.1


Lmod is automatically replacing "gcc/5.5.0" with "intel/18.0".


Due to MODULEPATH changes, the following have been reloaded:
  1) R/3.6.1     2) openmpi/3.1

/work-zfs/abattle4/parsana/process_recount2_data
mkdir: cannot create directory ‘/work-zfs/abattle4/parsana/process_recount2_data/data’: File exists
mkdir: cannot create directory ‘/work-zfs/abattle4/parsana/process_recount2_data/log’: File exists
mkdir: cannot create directory ‘/work-zfs/abattle4/parsana/process_recount2_data/data/rpkm’: File exists
mkdir: cannot create directory ‘/work-zfs/abattle4/parsana/process_recount2_data/data/auc_scaled’: File exists
mkdir: cannot create directory ‘/work-zfs/abattle4/parsana/process_recount2_data/data/raw’: File exists
Loading required package: SummarizedExperiment
Loading required package: GenomicRanges
Loading required package: stats4
Loading required package: BiocGenerics
Loading required package: parallel

Attaching package: ‘BiocGenerics’

The following objects are masked from ‘package:parallel’:

    clusterApply, clusterApplyLB, clusterCall, clusterEvalQ,
    clusterExport, clusterMap, parApply, parCapply, parLapply,
    parLapplyLB, parRapply, parSapply, parSapplyLB

The following objects are masked from ‘package:stats’:

    IQR, mad, sd, var, xtabs

The following objects are masked from ‘package:base’:

    anyDuplicated, append, as.data.frame, basename, cbind, colnames,
    dirname, do.call, duplicated, eval, evalq, Filter, Find, get, grep,
    grepl, intersect, is.unsorted, lapply, Map, mapply, match, mget,
    order, paste, pmax, pmax.int, pmin, pmin.int, Position, rank,
    rbind, Reduce, rownames, sapply, setdiff, sort, table, tapply,
    union, unique, unsplit, which, which.max, which.min

Loading required package: S4Vectors

Attaching package: ‘S4Vectors’

The following object is masked from ‘package:base’:

    expand.grid

Loading required package: IRanges
Loading required package: GenomeInfoDb
Loading required package: Biobase
Welcome to Bioconductor

    Vignettes contain introductory material; view with
    'browseVignettes()'. To cite Bioconductor, see
    'citation("Biobase")', and for packages 'citation("pkgname")'.

Loading required package: DelayedArray
Loading required package: matrixStats

Attaching package: ‘matrixStats’

The following objects are masked from ‘package:Biobase’:

    anyMissing, rowMedians

Loading required package: BiocParallel

Attaching package: ‘DelayedArray’

The following objects are masked from ‘package:matrixStats’:

    colMaxs, colMins, colRanges, rowMaxs, rowMins, rowRanges

The following objects are masked from ‘package:base’:

    aperm, apply, rowsum

Setting options('download.file.method.GEOquery'='auto')
Setting options('GEOquery.inmemory.gpl'=FALSE)
2019-11-23 18:26:13 downloading file rse_gene.Rdata to /work-zfs/abattle4/parsana/process_recount2_data/data/raw/sra
trying URL 'http://duffel.rail.bio/recount/v2/sra/rse_gene.Rdata'
Content type 'application/octet-stream' length 4663775273 bytes (4447.7 MB)
==================================================
downloaded 4447.7 MB

2019-11-23 18:26:58 downloading file rse_gene.Rdata to /work-zfs/abattle4/parsana/process_recount2_data/data/raw/TCGA
trying URL 'http://duffel.rail.bio/recount/v2/TCGA/rse_gene.Rdata'
Content type 'application/octet-stream' length 1649716491 bytes (1573.3 MB)
==================================================
downloaded 1573.3 MB

2019-11-23 18:27:16 downloading file rse_gene.Rdata to /work-zfs/abattle4/parsana/process_recount2_data/data/raw/SRP012682
trying URL 'http://duffel.rail.bio/recount/v2/SRP012682/rse_gene.Rdata'
Content type 'application/octet-stream' length 1371185074 bytes (1307.7 MB)
==================================================
downloaded 1307.7 MB

Warning message:
In dir.create(saveDir) :
  '/work-zfs/abattle4/parsana/process_recount2_data/data/replicates_merged_sra' already exists
Loading required package: RSQLite
Loading required package: graph
Loading required package: BiocGenerics
Loading required package: parallel

Attaching package: ‘BiocGenerics’

The following objects are masked from ‘package:parallel’:

    clusterApply, clusterApplyLB, clusterCall, clusterEvalQ,
    clusterExport, clusterMap, parApply, parCapply, parLapply,
    parLapplyLB, parRapply, parSapply, parSapplyLB

The following objects are masked from ‘package:stats’:

    IQR, mad, sd, var, xtabs

The following objects are masked from ‘package:base’:

    anyDuplicated, append, as.data.frame, basename, cbind, colnames,
    dirname, do.call, duplicated, eval, evalq, Filter, Find, get, grep,
    grepl, intersect, is.unsorted, lapply, Map, mapply, match, mget,
    order, paste, pmax, pmax.int, pmin, pmin.int, Position, rank,
    rbind, Reduce, rownames, sapply, setdiff, sort, table, tapply,
    union, unique, unsplit, which, which.max, which.min

Loading required package: RCurl
Loading required package: bitops
Setting options('download.file.method.GEOquery'='auto')
Setting options('GEOquery.inmemory.gpl'=FALSE)

Attaching package: ‘dplyr’

The following object is masked from ‘package:graph’:

    union

The following objects are masked from ‘package:BiocGenerics’:

    combine, intersect, setdiff, union

The following objects are masked from ‘package:stats’:

    filter, lag

The following objects are masked from ‘package:base’:

    intersect, setdiff, setequal, union

mkdir: cannot create directory ‘/work-zfs/abattle4/parsana/process_recount2_data/data/automated_process_output/’: File exists
