[1] "DRP000366"
[1] "DRP000425"
[1] "DRP000499"
[1] "DRP000527"
[1] "DRP000622"
[1] "DRP000665"
[1] "DRP000929"
[1] "DRP000987"
[1] "DRP001048"
[1] "DRP001055"
[1] "DRP001149"
[1] "DRP001150"
[1] "DRP001194"
[1] "DRP001220"
[1] "DRP001219"
[1] "DRP001280"
[1] "DRP001358"
[1] "DRP001797"
[1] "DRP001919"
[1] "DRP002380"
[1] "DRP002435"
[1] "DRP002623"
[1] "DRP002586"
[1] "DRP002835"
[1] "DRP002860"
[1] "DRP002667"
[1] "DRP002672"
[1] "DRP002712"
[1] "DRP002721"
[1] "DRP002851"
[1] "ERP000546"
[1] "ERP000573"
[1] "ERP000619"
[1] "ERP000710"
[1] "ERP000787"
[1] "ERP000799"
[1] "ERP000959"
[1] "ERP000992"
[1] "ERP001115"
[1] "ERP001304"
[1] "ERP001458"
[1] "ERP001574"
[1] "ERP001782"
[1] "ERP001828"
[1] "ERP001895"
[1] "ERP001942"
[1] "ERP001948"
[1] "ERP001971"
[1] "ERP002021"
[1] "ERP002045"
[1] "ERP002049"
[1] "ERP001317"
[1] "ERP002063"
[1] "ERP002075"
[1] "ERP002232"
[1] "ERP002414"
[1] "ERP003259"
[1] "ERP003460"
[1] "ERP003471"
[1] "ERP003495"
[1] "ERP003536"
[1] "ERP003613"
[1] "ERP002588"
[1] "ERP003789"
[1] "ERP003791"
[1] "ERP003815"
[1] "ERP003467"
[1] "ERP003917"
[1] "ERP004006"
[1] "ERP004043"
[1] "ERP004062"
[1] "ERP004078"
[1] "ERP004151"
[1] "ERP004209"
[1] "ERP004211"
[1] "ERP004269"
[1] "ERP004270"
[1] "ERP004298"
[1] "ERP004352"
[1] "ERP004219"
[1] "ERP004399"
[1] "ERP004402"
[1] "ERP003933"
[1] "ERP004578"
[1] "ERP004592"
[1] "ERP004617"
[1] "ERP004682"
[1] "ERP004683"
[1] "ERP004684"
[1] "ERP004697"
[1] "ERP005189"
[1] "ERP005274"
[1] "ERP005301"
[1] "ERP004375"
[1] "ERP005426"
[1] "ERP005583"
[1] "ERP004573"
[1] "ERP005938"
[1] "ERP005953"
[1] "ERP006028"
[1] "ERP006077"
[1] "ERP006185"
[1] "ERP006200"
[1] "ERP006097"
[1] "ERP006368"
[1] "ERP006577"
[1] "ERP006650"
[1] "ERP006686"
[1] "ERP006823"
[1] "ERP006872"
[1] "ERP006964"
[1] "ERP007008"
[1] "ERP007022"
[1] "ERP007109"
[1] "ERP007170"
[1] "ERP007185"
[1] "ERP007014"
[1] "ERP008445"
[1] "ERP008458"
[1] "ERP008492"
[1] "ERP008483"
[1] "ERP008520"
[1] "ERP008608"
[1] "ERP008682"
[1] "ERP008803"
[1] "ERP008834"
[1] "ERP006216"
[1] "ERP008992"
[1] "ERP009022"
[1] "ERP006215"
[1] "ERP006696"
[1] "ERP009263"
[1] "ERP009282"
[1] "ERP009437"
[1] "ERP009514"
[1] "ERP007180"
[1] "ERP009612"
[1] "ERP009768"
[1] "ERP009913"
[1] "ERP009935"
[1] "ERP009992"
[1] "ERP010003"
[1] "ERP010065"
[1] "ERP010082"
[1] "ERP010136"
[1] "ERP010177"
[1] "ERP007111"
[1] "ERP008967"
[1] "ERP010227"
[1] "ERP010142"
[1] "ERP010372"
[1] "ERP010500"
[1] "ERP009295"
[1] "ERP010786"
[1] "ERP010791"
[1] "ERP010889"
[1] "ERP010929"
[1] "ERP010930"
[1] "ERP009841"
[1] "ERP011000"
[1] "ERP006662"
[1] "ERP011264"
[1] "ERP011282"
[1] "ERP011301"
[1] "ERP011411"
[1] "ERP011490"
[1] "ERP012063"
[1] "ERP012180"
[1] "ERP012188"
[1] "ERP012633"
[1] "ERP012768"
[1] "ERP012838"
[1] "ERP013303"
[1] "ERP013422"
[1] "ERP013713"
[1] "SRP000617"
[1] "SRP000762"
[1] "SRP000931"
[1] "SRP000941"
[1] "SRP000996"
[1] "SRP001349"
[1] "SRP001371"
[1] "SRP001462"
[1] "SRP001540"
[1] "SRP001558"
[1] "SRP001563"
[1] "SRP001758"
[1] "SRP001997"
[1] "SRP002001"
[1] "SRP002079"
[1] "SRP002105"
[1] "SRP002126"
[1] "SRP002128"
[1] "SRP002184"
[1] "SRP002245"
[1] "SRP002274"
[1] "SRP002306"
[1] "SRP002487"
[1] "SRP002543"
[1] "SRP002621"
[1] "SRP002605"
[1] "SRP002628"
[1] "SRP002640"
[1] "SRP002789"
[1] "SRP002881"
[1] "SRP002915"
[1] "SRP003021"
[1] "SRP003227"
[1] "SRP003276"
[1] "SRP003611"
[1] "SRP003637"
[1] "SRP003672"
[1] "SRP003726"
[1] "SRP003754"
[1] "SRP003901"
[1] "SRP004042"
[1] "SRP004637"
[1] "SRP004837"
[1] "SRP004847"
[1] "SRP004965"
[1] "SRP005129"
[1] "SRP005174"
[1] "SRP005177"
[1] "SRP005242"
[1] "SRP005279"
[1] "SRP005281"
[1] "SRP005342"
[1] "SRP005449"
[1] "SRP005846"
[1] "SRP005858"
[1] "SRP005967"
[1] "SRP006309"
[1] "SRP006474"
[1] "SRP006475"
[1] "SRP006561"
[1] "SRP006575"
[1] "SRP006674"
[1] "SRP006676"
[1] "SRP006717"
[1] "SRP006719"
[1] "SRP006726"
[1] "SRP006731"
[1] "SRP006769"
[1] "SRP006900"
[1] "SRP006908"
[1] "SRP006912"
[1] "SRP006970"
[1] "SRP007169"
[1] "SRP020237"
[1] "SRP007338"
[1] "SRP007351"
[1] "SRP007359"
[1] "SRP007403"
[1] "SRP007412"
[1] "SRP007417"
[1] "SRP007461"
[1] "SRP007481"
[1] "SRP007483"
[1] "SRP007494"
[1] "SRP007498"
[1] "SRP007506"
[1] "SRP007508"
[1] "SRP007525"
[1] "SRP007560"
[1] "SRP007569"
[1] "SRP007584"
[1] "SRP007596"
[1] "SRP007605"
[1] "SRP007665"
[1] "SRP007862"
[1] "SRP007881"
[1] "SRP007885"
[1] "SRP007946"
[1] "SRP007947"
[1] "SRP008069"
[1] "SRP008145"
[1] "SRP008216"
[1] "SRP008218"
[1] "SRP008225"
[1] "SRP008280"
[1] "SRP008743"
[1] "SRP008331"
[1] "SRP008479"
[1] "SRP008482"
[1] "SRP008746"
[1] "SRP008496"
[1] "SRP008554"
[1] "SRP008681"
[1] "SRP008775"
[1] "SRP008930"
[1] "SRP008976"
[1] "SRP009029"
[1] "SRP009067"
[1] "SRP009094"
[1] "SRP009105"
[1] "SRP009123"
[1] "SRP009144"
[1] "SRP014320"
[1] "SRP009247"
[1] "SRP009251"
[1] "SRP009262"
[1] "SRP009266"
[1] "SRP009269"
[1] "SRP009276"
[1] "SRP009316"
[1] "SRP009373"
[1] "SRP009374"
[1] "SRP009386"
[1] "SRP009474"
[1] "SRP009568"
[1] "SRP009615"
[1] "SRP009659"
[1] "SRP009790"
[1] "SRP009840"
[1] "SRP009861"
[1] "SRP009862"
[1] "SRP010038"
[1] "SRP010041"
[1] "SRP010054"
[1] "SRP010061"
[1] "SRP010064"
[1] "SRP010166"
[1] "SRP010181"
[1] "SRP010279"
[1] "SRP010280"
[1] "SRP010374"
[1] "SRP010350"
[1] "SRP010384"
[1] "SRP010427"
[1] "SRP010430"
[1] "SRP010644"
[1] "SRP010647"
[1] "SRP010670"
[1] "SRP010678"
[1] "SRP010679"
[1] "SRP010907"
[1] "SRP010944"
[1] "SRP010961"
[1] "SRP011008"
[1] "SRP011054"
[1] "SRP011085"
[1] "SRP011107"
[1] "SRP011130"
[1] "SRP011185"
[1] "SRP011192"
[1] "SRP011233"
[1] "SRP011278"
[1] "SRP011369"
[1] "SRP011378"
[1] "SRP011422"
[1] "SRP011486"
[1] "SRP011546"
[1] "SRP011578"
[1] "SRP011895"
[1] "SRP011903"
[1] "SRP011924"
[1] "SRP011927"
[1] "SRP011974"
[1] "SRP011977"
[1] "SRP012015"
[1] "SRP012056"
[1] "SRP012062"
[1] "SRP012096"
[1] "SRP012098"
[1] "SRP012099"
[1] "SRP012100"
[1] "SRP012167"
[1] "SRP012295"
[1] "SRP012461"
[1] "SRP012463"
[1] "SRP012540"
[1] "SRP012557"
[1] "SRP012568"
[1] "SRP012585"
[1] "SRP012607"
[1] "SRP012651"
[1] "SRP012656"
[1] "SRP012695"
[1] "SRP013021"
[1] "SRP013022"
[1] "SRP013224"
[1] "SRP013232"
[1] "SRP013239"
[1] "SRP013288"
[1] "SRP013299"
[1] "SRP013463"
[1] "SRP013363"
[1] "SRP013389"
[1] "SRP013402"
[1] "SRP013450"
[1] "SRP013456"
[1] "SRP013473"
[1] "SRP013621"
[1] "SRP013619"
[1] "SRP013724"
[1] "SRP013725"
[1] "SRP013773"
[1] "SRP013825"
[1] "SRP013842"
[1] "SRP013935"
[1] "SRP013984"
[1] "SRP013985"
[1] "SRP013999"
[1] "SRP014027"
[1] "SRP014146"
[1] "SRP014574"
[1] "SRP014190"
[1] "SRP014213"
[1] "SRP014428"
[1] "SRP014487"
[1] "SRP014540"
[1] "SRP014542"
[1] "SRP014566"
[1] "SRP014565"
[1] "SRP014591"
[1] "SRP014620"
[1] "SRP014624"
[1] "SRP014626"
[1] "SRP014635"
[1] "SRP014670"
[1] "SRP014671"
[1] "SRP014675"
[1] "SRP014688"
[1] "SRP014739"
[1] "SRP014759"
[1] "SRP014790"
[1] "SRP014809"
[1] "SRP014830"
[1] "SRP014842"
[1] "SRP014844"
[1] "SRP014856"
[1] "SRP014857"
[1] "SRP014867"
[1] "SRP015003"
[1] "SRP014906"
[1] "SRP014920"
[1] "SRP014925"
[1] "SRP015013"
[1] "SRP015138"
[1] "SRP015336"
[1] "SRP015360"
[1] "SRP015361"
[1] "SRP015419"
[1] "SRP015435"
[1] "SRP015439"
[1] "SRP015449"
[1] "SRP015640"
[1] "SRP015668"
[1] "SRP015670"
[1] "SRP015678"
[1] "SRP015711"
[1] "SRP015715"
[1] "SRP015733"
[1] "SRP015741"
[1] "SRP015761"
[1] "SRP015764"
[1] "SRP015789"
[1] "SRP015799"
[1] "SRP015819"
[1] "SRP015845"
[1] "SRP015853"
[1] "SRP015868"
[1] "SRP015904"
[1] "SRP017395"
[1] "SRP015909"
[1] "SRP015926"
[1] "SRP015955"
[1] "SRP015964"
[1] "SRP015989"
[1] "SRP016003"
[1] "SRP016059"
[1] "SRP016118"
[1] "SRP016140"
[1] "SRP016568"
[1] "SRP016583"
[1] "SRP016589"
[1] "SRP016629"
[1] "SRP016790"
[1] "SRP056863"
[1] "SRP017105"
[1] "SRP017019"
[1] "SRP017123"
[1] "SRP017138"
[1] "SRP017142"
[1] "SRP017199"
[1] "SRP017262"
[1] "SRP017253"
[1] "SRP017294"
[1] "SRP017305"
[1] "SRP017352"
[1] "SRP017330"
[1] "SRP017717"
[1] "SRP017378"
[1] "SRP017413"
[1] "SRP017411"
[1] "SRP017435"
[1] "SRP017465"
[1] "SRP017583"
[1] "SRP017575"
[1] "SRP017577"
[1] "SRP017580"
[1] "SRP018010"
[1] "SRP017631"
[1] "SRP017644"
[1] "SRP017670"
[1] "SRP017684"
[1] "SRP018008"
[1] "SRP017777"
[1] "SRP017786"
[1] "SRP017788"
[1] "SRP017789"
[1] "SRP017843"
[1] "SRP017933"
[1] "SRP017942"
[1] "SRP017959"
[1] "SRP017966"
[1] "SRP017972"
[1] "SRP018014"
[1] "SRP018020"
[1] "SRP018022"
[1] "SRP018028"
[1] "SRP018104"
[1] "SRP018218"
[1] "SRP018234"
[1] "SRP018241"
[1] "SRP018254"
[1] "SRP018256"
[1] "SRP018304"
[1] "SRP018312"
[1] "SRP018317"
[1] "SRP018359"
[1] "SRP018377"
[1] "SRP018403"
[1] "SRP018525"
[1] "SRP018552"
[1] "SRP018571"
[1] "SRP018716"
[1] "SRP018717"
[1] "SRP018718"
[1] "SRP018719"
[1] "SRP018723"
[1] "SRP018777"
[1] "SRP018778"
[1] "SRP018779"
[1] "SRP018786"
[1] "SRP018815"
[1] "SRP018837"
[1] "SRP018838"
[1] "SRP018848"
[1] "SRP018861"
[1] "SRP018883"
[1] "SRP018972"
[1] "SRP019503"
[1] "SRP020496"
[1] "SRP019207"
[1] "SRP019222"
[1] "SRP019240"
[1] "SRP019241"
[1] "SRP019250"
[1] "SRP019263"
[1] "SRP019270"
[1] "SRP019272"
[1] "SRP019275"
[1] "SRP019374"
[1] "SRP019498"
[1] "SRP019758"
[1] "SRP019762"
[1] "SRP019807"
[1] "SRP019810"
[1] "SRP019968"
[1] "SRP019817"
[1] "SRP019936"
[1] "SRP019939"
[1] "SRP019946"
[1] "SRP019961"
[1] "SRP019980"
[1] "SRP019989"
[1] "SRP019994"
[1] "SRP020470"
[1] "SRP020499"
[1] "SRP020491"
[1] "SRP020492"
[1] "SRP020493"
[1] "SRP020544"
[1] "SRP020556"
[1] "SRP001523"
[1] "SRP000546"
[1] "SRP000543"
[1] "SRP000542"
[1] "SRP020561"
[1] "SRP021048"
[1] "SRP020646"
[1] "SRP020661"
[1] "SRP021039"
[1] "SRP021072"
[1] "SRP021085"
[1] "SRP021134"
[1] "SRP021221"
[1] "SRP022361"
[1] "SRP021191"
[1] "SRP021193"
[1] "SRP022029"
[1] "SRP028528"
[1] "SRP021214"
[1] "SRP021468"
[1] "SRP021478"
[1] "SRP021509"
[1] "SRP021524"
[1] "SRP021891"
[1] "SRP021908"
[1] "SRP021912"
[1] "SRP021916"
[1] "SRP021917"
[1] "SRP021918"
[1] "SRP021924"
[1] "SRP022025"
[1] "SRP022028"
[1] "SRP022052"
[1] "SRP022054"
[1] "SRP022133"
[1] "SRP022166"
[1] "SRP022259"
[1] "SRP022260"
[1] "SRP022591"
[1] "SRP022871"
[1] "SRP022876"
[1] "SRP022942"
[1] "SRP022905"
[1] "SRP022913"
[1] "SRP022920"
[1] "SRP025977"
[1] "SRP022140"
[1] "SRP023111"
[1] "SRP023199"
[1] "SRP023233"
[1] "SRP023262"
[1] "SRP023270"
[1] "SRP023540"
[1] "SRP024236"
[1] "SRP023538"
[1] "SRP023539"
[1] "SRP023548"
[1] "SRP023550"
[1] "SRP024244"
[1] "SRP024268"
[1] "SRP024274"
[1] "SRP024669"
[1] "SRP024674"
[1] "SRP025982"
[1] "SRP026013"
[1] "SRP026033"
[1] "SRP026042"
[1] "SRP026257"
[1] "SRP026044"
[1] "SRP026048"
[1] "SRP026052"
[1] "SRP036029"
[1] "SRP026084"
[1] "SRP026089"
[1] "SRP026126"
[1] "SRP026204"
[1] "SRP026208"
[1] "SRP026553"
[1] "SRP026256"
[1] "SRP026297"
[1] "SRP026315"
[1] "SRP026359"
[1] "SRP026331"
[1] "SRP026333"
[1] "SRP026389"
[1] "SRP026387"
[1] "SRP026454"
[1] "SRP033291"
[1] "SRP026537"
[1] "SRP026600"
[1] "SRP026597"
[1] "SRP026620"
[1] "SRP026621"
[1] "SRP026648"
[1] "SRP026690"
[1] "SRP027015"
[1] "SRP027258"
[1] "SRP027358"
[1] "SRP027364"
[1] "SRP027383"
[1] "SRP027508"
[1] "SRP027514"
[1] "SRP027530"
[1] "SRP027538"
[1] "SRP028118"
[1] "SRP028155"
[1] "SRP028170"
[1] "SRP028180"
[1] "SRP028190"
[1] "SRP028282"
[1] "SRP028301"
[1] "SRP028325"
[1] "SRP028336"
[1] "SRP028340"
[1] "SRP028344"
[1] "SRP028346"
[1] "SRP028952"
[1] "SRP028316"
[1] "SRP028530"
[1] "SRP028554"
[1] "SRP028570"
[1] "SRP028594"
[1] "SRP028612"
[1] "SRP028705"
[1] "SRP028720"
[1] "SRP028804"
[1] "SRP028814"
[1] "SRP028815"
[1] "SRP028822"
[1] "SRP028887"
[1] "SRP028902"
[1] "SRP028912"
[1] "SRP029987"
[1] "SRP029207"
[1] "SRP029341"
[1] "SRP029245"
[1] "SRP029262"
[1] "SRP029281"
[1] "SRP029334"
[1] "SRP029591"
[1] "SRP029365"
[1] "SRP029367"
[1] "SRP029434"
[1] "SRP029452"
[1] "SRP029513"
[1] "SRP029515"
[1] "SRP029592"
[1] "SRP029603"
[1] "SRP029656"
[1] "SRP029739"
[1] "SRP029880"
[1] "SRP029888"
[1] "SRP029889"
[1] "SRP029953"
[1] "SRP029990"
[1] "SRP030040"
[1] "SRP030027"
[1] "SRP030041"
[1] "SRP030401"
[1] "SRP030471"
[1] "SRP030475"
[1] "SRP030617"
[1] "SRP030628"
[1] "SRP030639"
[1] "SRP031620"
[1] "SRP031476"
[1] "SRP031478"
[1] "SRP032168"
[1] "SRP031501"
[1] "SRP031503"
[1] "SRP031868"
[1] "SRP031507"
[1] "SRP031776"
[1] "SRP031849"
[1] "SRP031858"
[1] "SRP032165"
[1] "SRP032279"
[1] "SRP032280"
[1] "SRP032344"
[1] "SRP032363"
[1] "SRP032367"
[1] "SRP032456"
[1] "SRP032476"
[1] "SRP032510"
[1] "SRP032539"
[1] "SRP032542"
[1] "SRP032559"
[1] "SRP032743"
[1] "SRP032754"
[1] "SRP032775"
[1] "SRP032789"
[1] "SRP032798"
[1] "SRP032812"
[1] "SRP032833"
[1] "SRP032922"
[1] "SRP032928"
[1] "SRP032942"
[1] "SRP032989"
[1] "SRP032999"
[1] "SRP033057"
[1] "SRP033078"
[1] "SRP033095"
[1] "SRP033098"
[1] "SRP033115"
[1] "SRP033116"
[1] "SRP033117"
[1] "SRP033119"
[1] "SRP033131"
[1] "SRP033135"
[1] "SRP033199"
[1] "SRP033239"
[1] "SRP033305"
[1] "SRP033248"
[1] "SRP033250"
[1] "SRP033253"
[1] "SRP033491"
[1] "SRP033266"
[1] "SRP033267"
[1] "SRP033276"
[1] "SRP033282"
[1] "SRP033335"
[1] "SRP033336"
[1] "SRP033351"
[1] "SRP033365"
[1] "SRP033369"
[1] "SRP033393"
[1] "SRP033401"
[1] "SRP033432"
[1] "SRP033464"
[1] "SRP033466"
[1] "SRP033498"
[1] "SRP033502"
[1] "SRP033511"
[1] "SRP033569"
[1] "SRP033582"
[1] "SRP033612"
[1] "SRP033647"
[1] "SRP033646"
[1] "SRP033696"
[1] "SRP033711"
[1] "SRP033725"
[1] "SRP034008"
[1] "SRP034009"
[1] "SRP034011"
[1] "SRP034017"
[1] "SRP034158"
[1] "SRP034163"
[1] "SRP034528"
[1] "SRP034541"
[1] "SRP034543"
[1] "SRP034592"
[1] "SRP034599"
[1] "SRP034601"
[1] "SRP034606"
[1] "SRP034626"
[1] "SRP034634"
[1] "SRP034657"
[1] "SRP034666"
[1] "SRP034672"
[1] "SRP034691"
[1] "SRP034711"
[1] "SRP034712"
[1] "SRP034732"
[1] "SRP034736"
[1] "SRP034737"
[1] "SRP035287"
[1] "SRP035224"
[1] "SRP035285"
[1] "SRP034875"
[1] "SRP034873"
[1] "SRP034929"
[1] "SRP034953"
[1] "SRP035252"
[1] "SRP035255"
[1] "SRP044715"
[1] "SRP035268"
[1] "SRP035276"
[1] "SRP035454"
[1] "SRP035453"
[1] "SRP035455"
[1] "SRP035452"
[1] "SRP035312"
[1] "SRP035316"
[1] "SRP039559"
[1] "SRP035387"
[1] "SRP035391"
[1] "SRP035417"
[1] "SRP035419"
[1] "SRP035461"
[1] "SRP035464"
[1] "SRP035477"
[1] "SRP035482"
[1] "SRP035503"
[1] "SRP035524"
[1] "SRP035599"
[1] "SRP035617"
[1] "SRP035641"
[1] "SRP035665"
[1] "SRP035670"
[1] "SRP035679"
[1] "SRP035862"
[1] "SRP035864"
[1] "SRP035934"
[1] "SRP035883"
[1] "SRP035930"
[1] "SRP035988"
[1] "SRP036035"
[1] "SRP036053"
[1] "SRP036133"
[1] "SRP036136"
[1] "SRP036145"
[1] "SRP037553"
[1] "SRP036595"
[1] "SRP036769"
[1] "SRP036790"
[1] "SRP036821"
[1] "SRP036843"
[1] "SRP036848"
[1] "SRP037550"
[1] "SRP037579"
[1] "SRP037718"
[1] "SRP037719"
[1] "SRP037722"
[1] "SRP037735"
[1] "SRP037762"
[1] "SRP037775"
[1] "SRP037778"
[1] "SRP037971"
[1] "SRP037982"
[1] "SRP038006"
[1] "SRP038101"
[1] "SRP038143"
[1] "SRP038695"
[1] "SRP038702"
[1] "SRP038726"
[1] "SRP038759"
[1] "SRP038761"
[1] "SRP038767"
[1] "SRP038863"
[1] "SRP038921"
[1] "SRP038963"
[1] "SRP038969"
[1] "SRP038987"
[1] "SRP039039"
[1] "SRP039077"
[1] "SRP039085"
[1] "SRP039338"
[1] "SRP039346"
[1] "SRP039348"
[1] "SRP039354"
[1] "SRP039357"
[1] "SRP039359"
[1] "SRP039361"
[1] "SRP039397"
[1] "SRP039399"
[1] "SRP039460"
[1] "SRP039552"
[1] "SRP039591"
[1] "SRP039598"
[1] "SRP039694"
[1] "SRP039909"
[1] "SRP040014"
[1] "SRP040309"
[1] "SRP040110"
[1] "SRP040070"
[1] "SRP040117"
[1] "SRP040136"
[1] "SRP040145"
[1] "SRP040243"
[1] "SRP040275"
[1] "SRP040278"
[1] "SRP040288"
[1] "SRP040292"
[1] "SRP040300"
[1] "SRP040327"
[1] "SRP040328"
[1] "SRP040418"
[1] "SRP040442"
[1] "SRP040454"
[1] "SRP040472"
[1] "SRP035634"
[1] "SRP040525"
[1] "SRP040547"
[1] "SRP040550"
[1] "SRP040647"
[1] "SRP040806"
[1] "SRP040577"
[1] "SRP040622"
[1] "SRP040679"
[1] "SRP040692"
[1] "SRP040694"
[1] "SRP040704"
[1] "SRP040702"
[1] "SRP040745"
[1] "SRP040764"
[1] "SRP040586"
[1] "SRP040966"
[1] "SRP040998"
[1] "SRP041008"
[1] "SRP041044"
[1] "SRP041036"
[1] "SRP041057"
[1] "SRP041063"
[1] "SRP041094"
[1] "SRP041100"
[1] "SRP041102"
[1] "SRP041130"
[1] "SRP041159"
[1] "SRP041162"
[1] "SRP041179"
[1] "SRP041210"
[1] "SRP041228"
[1] "SRP041255"
[1] "SRP041263"
[1] "SRP041272"
[1] "SRP041298"
[1] "SRP045638"
[1] "SRP041338"
[1] "SRP041736"
[1] "SRP041367"
[1] "SRP041377"
[1] "SRP041387"
[1] "SRP041396"
[1] "SRP041469"
[1] "SRP041471"
[1] "SRP041475"
[1] "SRP041474"
[1] "SRP041494"
[1] "SRP041508"
[1] "SRP041531"
[1] "SRP041538"
[1] "SRP041573"
[1] "SRP041594"
[1] "SRP041597"
[1] "SRP041620"
[1] "SRP041647"
[1] "SRP041656"
[1] "SRP041675"
[1] "SRP041694"
[1] "SRP041706"
[1] "SRP041718"
[1] "SRP041738"
[1] "SRP041742"
[1] "SRP041751"
[1] "SRP041753"
[1] "SRP041840"
[1] "SRP041788"
[1] "SRP041819"
[1] "SRP041820"
[1] "SRP041825"
[1] "SRP041826"
[1] "SRP041833"
[1] "SRP041846"
[1] "SRP041885"
[1] "SRP041955"
[1] "SRP041943"
[1] "SRP041956"
[1] "SRP041962"
[1] "SRP041988"
[1] "SRP041990"
[1] "SRP042027"
[1] "SRP042031"
[1] "SRP042043"
[1] "SRP042086"
[1] "SRP042104"
[1] "SRP042119"
[1] "SRP042150"
[1] "SRP042153"
[1] "SRP042161"
[1] "SRP042184"
[1] "SRP042199"
[1] "SRP042186"
[1] "SRP042212"
[1] "SRP042218"
[1] "SRP042228"
[1] "SRP042249"
[1] "SRP042286"
[1] "SRP042297"
[1] "SRP042303"
[1] "SRP043513"
[1] "SRP042402"
[1] "SRP042579"
[1] "SRP042596"
[1] "SRP042597"
[1] "SRP042616"
[1] "SRP042620"
[1] "SRP042623"
[1] "SRP042630"
[1] "SRP043081"
[1] "SRP042937"
[1] "SRP042647"
[1] "SRP043027"
[1] "SRP043008"
[1] "SRP043021"
[1] "SRP043033"
[1] "SRP043041"
[1] "SRP043043"
[1] "SRP043078"
[1] "SRP043080"
[1] "SRP043085"
[1] "SRP043090"
[1] "SRP043108"
[1] "SRP043144"
[1] "SRP043162"
[1] "SRP043166"
[1] "SRP043188"
[1] "SRP043221"
[1] "SRP043273"
[1] "SRP043320"
[1] "SRP043336"
[1] "SRP043339"
[1] "SRP043364"
[1] "SRP043368"
[1] "SRP043378"
[1] "SRP043391"
[1] "SRP043388"
[1] "SRP043417"
[1] "SRP043434"
[1] "SRP043470"
[1] "SRP043510"
[1] "SRP043578"
[1] "SRP043593"
[1] "SRP043621"
[1] "SRP043644"
[1] "SRP043684"
[1] "SRP043686"
[1] "SRP043694"
[1] "SRP043960"
[1] "SRP043961"
[1] "SRP043962"
[1] "SRP044013"
[1] "SRP044042"
[1] "SRP044056"
[1] "SRP044084"
[1] "SRP044661"
[1] "SRP044171"
[1] "SRP044174"
[1] "SRP044187"
[1] "SRP044206"
[1] "SRP044229"
[1] "SRP044241"
[1] "SRP044265"
[1] "SRP044271"
[1] "SRP044286"
[1] "SRP044296"
[1] "SRP044298"
[1] "SRP044303"
[1] "SRP044391"
[1] "SRP044593"
[1] "SRP044608"
[1] "SRP044610"
[1] "SRP044611"
[1] "SRP044653"
[1] "SRP045207"
[1] "SRP044668"
[1] "SRP044673"
[1] "SRP044679"
[1] "SRP044708"
[1] "SRP044749"
[1] "SRP044756"
[1] "SRP044763"
[1] "SRP044766"
[1] "SRP044809"
[1] "SRP044854"
[1] "SRP044867"
[1] "SRP044917"
[1] "SRP044925"
[1] "SRP044956"
[1] "SRP045048"
[1] "SRP045052"
[1] "SRP045065"
[1] "SRP045118"
[1] "SRP045126"
[1] "SRP045154"
[1] "SRP045155"
[1] "SRP045156"
[1] "SRP045204"
[1] "SRP045592"
[1] "SRP045214"
[1] "SRP045222"
[1] "SRP045234"
[1] "SRP045257"
[1] "SRP045269"
[1] "SRP045276"
[1] "SRP045294"
[1] "SRP045308"
[1] "SRP045318"
[1] "SRP045322"
[1] "SRP045329"
[1] "SRP045330"
[1] "SRP045352"
[1] "SRP045364"
[1] "SRP045391"
[1] "SRP045421"
[1] "SRP045441"
[1] "SRP045481"
[1] "SRP045500"
[1] "SRP045501"
[1] "SRP045545"
[1] "SRP045561"
[1] "SRP045565"
[1] "SRP045569"
[1] "SRP045570"
[1] "SRP045573"
[1] "SRP045590"
[1] "SRP045610"
[1] "SRP045611"
[1] "SRP045632"
[1] "SRP045639"
[1] "SRP045645"
[1] "SRP045659"
[1] "SRP045663"
[1] "SRP045666"
[1] "SRP045673"
[1] "SRP045695"
[1] "SRP045711"
[1] "SRP045785"
[1] "SRP045823"
[1] "SRP045859"
[1] "SRP045867"
[1] "SRP045869"
[1] "SRP045870"
[1] "SRP045876"
[1] "SRP045898"
[1] "SRP045900"
[1] "SRP045905"
[1] "SRP045911"
[1] "SRP045949"
[1] "SRP045986"
[1] "SRP045983"
[1] "SRP045999"
[1] "SRP046000"
[1] "SRP046066"
[1] "SRP046226"
[1] "SRP046233"
[1] "SRP046254"
[1] "SRP046266"
[1] "SRP046271"
[1] "SRP046293"
[1] "SRP046376"
[1] "SRP046741"
[1] "SRP046749"
[1] "SRP047124"
[1] "SRP047271"
[1] "SRP049515"
[1] "SRP047065"
[1] "SRP047082"
[1] "SRP047097"
[1] "SRP047126"
[1] "SRP047174"
[1] "SRP047192"
[1] "SRP047194"
[1] "SRP047233"
[1] "SRP047266"
[1] "SRP047299"
[1] "SRP047307"
[1] "SRP047323"
[1] "SRP047339"
[1] "SRP047358"
[1] "SRP047363"
[1] "SRP047366"
[1] "SRP047383"
[1] "SRP047399"
[1] "SRP047407"
[1] "SRP047422"
[1] "SRP047459"
[1] "SRP047476"
[1] "SRP047494"
[1] "SRP047516"
[1] "SRP047519"
[1] "SRP048222"
[1] "SRP048484"
[1] "SRP048735"
[1] "SRP048536"
[1] "SRP048556"
[1] "SRP048557"
[1] "SRP048562"
[1] "SRP048577"
[1] "SRP048603"
[1] "SRP048604"
[1] "SRP048640"
[1] "SRP048660"
[1] "SRP048664"
[1] "SRP048669"
[1] "SRP048674"
[1] "SRP048683"
[1] "SRP048685"
[1] "SRP048630"
[1] "SRP048700"
[1] "SRP048701"
[1] "SRP048744"
[1] "SRP048759"
[1] "SRP048761"
[1] "SRP049410"
[1] "SRP048801"
[1] "SRP048804"
[1] "SRP048811"
[1] "SRP048820"
[1] "SRP048825"
[1] "SRP048842"
[1] "SRP048858"
[1] "SRP048889"
[1] "SRP048957"
[1] "SRP048971"
[1] "SRP049004"
[1] "SRP049028"
[1] "SRP049061"
[1] "SRP049063"
[1] "SRP049068"
[1] "SRP049426"
[1] "SRP049090"
[1] "SRP049097"
[1] "SRP049156"
[1] "SRP049203"
[1] "SRP049237"
[1] "SRP049238"
[1] "SRP049264"
[1] "SRP049333"
[1] "SRP049340"
[1] "SRP049355"
[1] "SRP049377"
[1] "SRP049391"
[1] "SRP049409"
[1] "SRP049436"
[1] "SRP049449"
[1] "SRP049450"
[1] "SRP049453"
[1] "SRP049462"
[1] "SRP049465"
[1] "SRP048993"
[1] "SRP049475"
[1] "SRP049479"
[1] "SRP049484"
[1] "SRP049500"
[1] "SRP049507"
[1] "SRP049510"
[1] "SRP049514"
[1] "SRP050335"
[1] "SRP049553"
[1] "SRP050149"
[1] "SRP049591"
[1] "SRP049593"
[1] "SRP049599"
[1] "SRP049611"
[1] "SRP049648"
[1] "SRP049695"
[1] "SRP049713"
[1] "SRP049714"
[1] "SRP049756"
[1] "SRP049769"
[1] "SRP049776"
[1] "SRP049775"
[1] "SRP049805"
[1] "SRP049820"
[1] "SRP049823"
[1] "SRP049946"
[1] "SRP049967"
[1] "SRP049981"
[1] "SRP049988"
[1] "SRP050000"
[1] "SRP050003"
[1] "SRP050036"
[1] "SRP050055"
[1] "SRP050058"
[1] "SRP050061"
[1] "SRP050074"
[1] "SRP050087"
[1] "SRP050089"
[1] "SRP050138"
[1] "SRP050146"
[1] "SRP050147"
[1] "SRP050179"
[1] "SRP050191"
[1] "SRP050193"
[1] "SRP050215"
[1] "SRP050223"
[1] "SRP050249"
[1] "SRP050242"
[1] "SRP050245"
[1] "SRP050246"
[1] "SRP050260"
[1] "SRP050272"
[1] "SRP050331"
[1] "SRP050333"
[1] "SRP050365"
[1] "SRP050374"
[1] "SRP050397"
[1] "SRP050576"
[1] "SRP050440"
[1] "SRP050468"
[1] "SRP050490"
[1] "SRP050493"
[1] "SRP050497"
[1] "SRP050499"
[1] "SRP050533"
[1] "SRP050534"
[1] "SRP050551"
[1] "SRP050563"
[1] "SRP050596"
[1] "SRP050892"
[1] "SRP057098"
[1] "SRP051039"
[1] "SRP050943"
[1] "SRP050954"
[1] "SRP050971"
[1] "SRP050992"
[1] "SRP051000"
[1] "SRP051083"
[1] "SRP051102"
[1] "SRP051118"
[1] "SRP051138"
[1] "SRP051170"
[1] "SRP051182"
[1] "SRP051211"
[1] "SRP051249"
[1] "SRP051320"
[1] "SRP051331"
[1] "SRP051359"
[1] "SRP051368"
[1] "SRP051369"
[1] "SRP051401"
[1] "SRP051468"
[1] "SRP051472"
[1] "SRP051485"
[1] "SRP051544"
[1] "SRP051583"
[1] "SRP051595"
[1] "SRP051599"
[1] "SRP051606"
[1] "SRP051628"
[1] "SRP051644"
[1] "SRP051674"
[1] "SRP051675"
[1] "SRP051688"
[1] "SRP051705"
[1] "SRP051736"
[1] "SRP051737"
[1] "SRP051765"
[1] "SRP051772"
[1] "SRP051819"
[1] "SRP051822"
[1] "SRP051825"
[1] "SRP051844"
[1] "SRP051848"
[1] "SRP051853"
[1] "SRP052732"
[1] "SRP052056"
[1] "SRP052057"
[1] "SRP052201"
[1] "SRP052229"
[1] "SRP052294"
[1] "SRP052491"
[1] "SRP052612"
[1] "SRP052615"
[1] "SRP052620"
[1] "SRP059579"
[1] "SRP052706"
[1] "SRP052713"
[1] "SRP052760"
[1] "SRP052740"
[1] "SRP052763"
[1] "SRP052781"
[1] "SRP052817"
[1] "SRP052896"
[1] "SRP052856"
[1] "SRP052874"
[1] "SRP052879"
[1] "SRP052950"
[1] "SRP052983"
[1] "SRP052978"
[1] "SRP052991"
[1] "SRP052998"
[1] "SRP053004"
[1] "SRP053034"
[1] "SRP053042"
[1] "SRP053043"
[1] "SRP053046"
[1] "SRP053052"
[1] "SRP053124"
[1] "SRP053098"
[1] "SRP053101"
[1] "SRP053186"
[1] "SRP053190"
[1] "SRP053195"
[1] "SRP053246"
[1] "SRP053296"
[1] "SRP053366"
[1] "SRP053402"
[1] "SRP053794"
[1] "SRP055005"
[1] "SRP054971"
[1] "SRP055009"
[1] "SRP055027"
[1] "SRP055048"
[1] "SRP055101"
[1] "SRP055103"
[1] "SRP055105"
[1] "SRP055108"
[1] "SRP055180"
[1] "SRP055153"
[1] "SRP055390"
[1] "SRP055392"
[1] "SRP055411"
[1] "SRP055438"
[1] "SRP055440"
[1] "SRP055444"
[1] "SRP055447"
[1] "SRP055454"
[1] "SRP055474"
[1] "SRP055475"
[1] "SRP055512"
[1] "SRP055513"
[1] "SRP055514"
[1] "SRP055569"
[1] "SRP055675"
[1] "SRP055730"
[1] "SRP055749"
[1] "SRP055770"
[1] "SRP055809"
[1] "SRP055810"
[1] "SRP055858"
[1] "SRP055860"
[1] "SRP055863"
[1] "SRP055874"
[1] "SRP055916"
[1] "SRP055917"
[1] "SRP055918"
[1] "SRP055981"
[1] "SRP055938"
[1] "SRP056000"
[1] "SRP056033"
[1] "SRP056036"
[1] "SRP056041"
[1] "SRP056049"
[1] "SRP056066"
[1] "SRP056074"
[1] "SRP056076"
[1] "SRP056084"
[1] "SRP056086"
[1] "SRP056098"
[1] "SRP056146"
[1] "SRP056153"
[1] "SRP056159"
[1] "SRP056197"
[1] "SRP056200"
[1] "SRP056201"
[1] "SRP056220"
[1] "SRP056293"
[1] "SRP056295"
[1] "SRP056296"
[1] "SRP056330"
[1] "SRP056433"
[1] "SRP056438"
[1] "SRP056437"
[1] "SRP056369"
[1] "SRP056378"
[1] "SRP056395"
[1] "SRP056443"
[1] "SRP056477"
[1] "SRP056498"
[1] "SRP056530"
[1] "SRP056612"
[1] "SRP056604"
[1] "SRP056637"
[1] "SRP056665"
[1] "SRP056696"
[1] "SRP056733"
[1] "SRP056742"
[1] "SRP056784"
[1] "SRP056792"
[1] "SRP056802"
[1] "SRP056835"
[1] "SRP056840"
[1] "SRP056912"
[1] "SRP056957"
[1] "SRP056969"
[1] "SRP056989"
[1] "SRP057064"
[1] "SRP057065"
[1] "SRP057066"
[1] "SRP057074"
[1] "SRP057087"
[1] "SRP056287"
[1] "SRP057118"
[1] "SRP057147"
[1] "SRP057156"
[1] "SRP057196"
[1] "SRP057205"
[1] "SRP057213"
[1] "SRP057244"
[1] "SRP057248"
[1] "SRP057249"
[1] "SRP057250"
[1] "SRP057251"
[1] "SRP057253"
[1] "SRP057280"
[1] "SRP057437"
[1] "SRP057446"
[1] "SRP057448"
[1] "SRP057322"
[1] "SRP057500"
[1] "SRP057508"
[1] "SRP057512"
[1] "SRP057545"
[1] "SRP057586"
[1] "SRP057613"
[1] "SRP057616"
[1] "SRP057627"
[1] "SRP057629"
[1] "SRP057660"
[1] "SRP057721"
[1] "SRP057745"
[1] "SRP057758"
[1] "SRP057766"
[1] "SRP057804"
[1] "SRP057814"
[1] "SRP057819"
[1] "SRP057826"
[1] "SRP057852"
[1] "SRP057855"
[1] "SRP057878"
[1] "SRP057964"
[1] "SRP058036"
[1] "SRP058026"
[1] "SRP058222"
[1] "SRP058046"
[1] "SRP058087"
[1] "SRP058098"
[1] "SRP058120"
[1] "SRP058181"
[1] "SRP058191"
[1] "SRP058237"
[1] "SRP058244"
[1] "SRP058260"
[1] "SRP058300"
[1] "SRP058319"
[1] "SRP058351"
[1] "SRP058375"
[1] "SRP058383"
[1] "SRP058387"
[1] "SRP058414"
[1] "SRP058435"
[1] "SRP058479"
[1] "SRP058476"
[1] "SRP058567"
[1] "SRP058571"
[1] "SRP058626"
[1] "SRP058633"
[1] "SRP058640"
[1] "SRP058647"
[1] "SRP058654"
[1] "SRP058664"
[1] "SRP058667"
[1] "SRP058714"
[1] "SRP058719"
[1] "SRP058722"
[1] "SRP058740"
[1] "SRP058771"
[1] "SRP058773"
[1] "SRP058783"
[1] "SRP058804"
[1] "SRP058822"
[1] "SRP065120"
[1] "SRP058840"
[1] "SRP058841"
[1] "SRP058856"
[1] "SRP058948"
[1] "SRP058977"
[1] "SRP059035"
[1] "SRP059039"
[1] "SRP059057"
[1] "SRP059066"
[1] "SRP059170"
[1] "SRP059172"
[1] "SRP059197"
[1] "SRP059205"
[1] "SRP059244"
[1] "SRP059242"
[1] "SRP059266"
[1] "SRP059275"
[1] "SRP059279"
[1] "SRP059357"
[1] "SRP059379"
[1] "SRP059431"
[1] "SRP059458"
[1] "SRP059509"
[1] "SRP059531"
[1] "SRP059643"
[1] "SRP059692"
[1] "SRP059695"
[1] "SRP059701"
[1] "SRP059732"
[1] "SRP059733"
[1] "SRP059735"
[1] "SRP059775"
[1] "SRP059925"
[1] "SRP057017"
[1] "SRP059989"
[1] "SRP059948"
[1] "SRP059950"
[1] "SRP059957"
[1] "SRP059959"
[1] "SRP060253"
[1] "SRP060227"
[1] "SRP060284"
[1] "SRP060348"
[1] "SRP060355"
[1] "SRP060359"
[1] "SRP060370"
[1] "SRP060416"
[1] "SRP060598"
[1] "SRP060637"
[1] "SRP060650"
[1] "SRP060661"
[1] "SRP060708"
[1] "SRP060715"
[1] "SRP061033"
[1] "SRP061207"
[1] "SRP061240"
[1] "SRP061241"
[1] "SRP061243"
[1] "SRP061292"
[1] "SRP061310"
[1] "SRP061329"
[1] "SRP061380"
[1] "SRP061397"
[1] "SRP061405"
[1] "SRP061416"
[1] "SRP061425"
[1] "SRP061426"
[1] "SRP061455"
[1] "SRP061462"
[1] "SRP061522"
[1] "SRP061539"
[1] "SRP061566"
[1] "SRP061639"
[1] "SRP061670"
[1] "SRP061682"
[1] "SRP061685"
[1] "SRP061689"
[1] "SRP061701"
[1] "SRP061801"
[1] "SRP061840"
[1] "SRP058107"
[1] "SRP061880"
[1] "SRP061881"
[1] "SRP061888"
[1] "SRP061932"
[1] "SRP061971"
[1] "SRP062010"
[1] "SRP062023"
[1] "SRP062025"
[1] "SRP062178"
[1] "SRP062284"
[1] "SRP062177"
[1] "SRP062188"
[1] "SRP062214"
[1] "SRP062230"
[1] "SRP062247"
[1] "SRP062287"
[1] "SRP062332"
[1] "SRP062389"
[1] "SRP062444"
[1] "SRP062511"
[1] "SRP062544"
[1] "SRP062609"
[1] "SRP062617"
[1] "SRP062950"
[1] "SRP062773"
[1] "SRP062873"
[1] "SRP062956"
[1] "SRP062958"
[1] "SRP062966"
[1] "SRP062936"
[1] "SRP063059"
[1] "SRP063070"
[1] "SRP063339"
[1] "SRP063363"
[1] "SRP063462"
[1] "SRP063460"
[1] "SRP063477"
[1] "SRP063493"
[1] "SRP063496"
[1] "SRP063500"
[1] "SRP063573"
[1] "SRP063581"
[1] "SRP063620"
[1] "SRP063631"
[1] "SRP064138"
[1] "SRP063658"
[1] "SRP063661"
[1] "SRP063669"
[1] "SRP063860"
[1] "SRP063889"
[1] "SRP063754"
[1] "SRP063834"
[1] "SRP063840"
[1] "SRP063838"
[1] "SRP063867"
[1] "SRP063948"
[1] "SRP064142"
[1] "SRP063978"
[1] "SRP063980"
[1] "SRP064131"
[1] "SRP064149"
[1] "SRP064143"
[1] "SRP064259"
[1] "SRP064264"
[1] "SRP064270"
[1] "SRP064316"
[1] "SRP064317"
[1] "SRP064321"
[1] "SRP064323"
[1] "SRP064378"
[1] "SRP064410"
[1] "SRP064894"
[1] "SRP064454"
[1] "SRP064457"
[1] "SRP064458"
[1] "SRP064464"
[1] "SRP064475"
[1] "SRP064481"
[1] "SRP064538"
[1] "SRP064547"
[1] "SRP064661"
[1] "SRP064561"
[1] "SRP064562"
[1] "SRP064624"
[1] "SRP064625"
[1] "SRP064652"
[1] "SRP064671"
[1] "SRP064735"
[1] "SRP064781"
[1] "SRP064783"
[1] "SRP064820"
[1] "SRP064956"
[1] "SRP064863"
[1] "SRP064967"
[1] "SRP065022"
[1] "SRP065219"
[1] "SRP065202"
[1] "SRP065114"
[1] "SRP065127"
[1] "SRP065146"
[1] "SRP065153"
[1] "SRP065196"
[1] "SRP065258"
[1] "SRP065282"
[1] "SRP065330"
[1] "SRP065445"
[1] "SRP065451"
[1] "SRP065468"
[1] "SRP065491"
[1] "SRP065500"
[1] "SRP065559"
[1] "SRP065763"
[1] "SRP065774"
[1] "SRP065812"
[1] "SRP065848"
[1] "SRP065849"
[1] "SRP066008"
[1] "SRP065988"
[1] "SRP066009"
[1] "SRP066150"
[1] "SRP066151"
[1] "SRP066152"
[1] "SRP066356"
[1] "SRP066363"
[1] "SRP066371"
[1] "SRP066394"
[1] "SRP066424"
[1] "SRP066482"
[1] "SRP066449"
[1] "SRP066484"
[1] "SRP066488"
[1] "SRP066596"
[1] "SRP066729"
[1] "SRP066834"
[1] "SRP066956"
[1] "SRP066889"
[1] "SRP066895"
[1] "SRP066912"
[1] "SRP066917"
[1] "SRP066934"
[1] "SRP066959"
[1] "SRP066994"
[1] "SRP067221"
[1] "SRP067173"
[1] "SRP067214"
[1] "SRP067312"
[1] "SRP067318"
[1] "SRP067469"
[1] "SRP067481"
[1] "SRP067502"
[1] "SRP067529"
[1] "SRP067645"
[1] "SRP067661"
[1] "SRP067701"
[1] "SRP067836"
[1] "SRP067928"
[1] "SRP067934"
[1] "SRP068078"
[1] "SRP068139"
[1] "SRP068194"
[1] "SRP068290"
[1] "SRP068318"
[1] "SRP068523"
[1] "SRP068824"
[1] "SRP068942"
[1] "SRP069016"
